This file contains any messages produced by compilers while
running configure, to aid debugging if configure makes a mistake.

It was created by cpuminer configure 1.0.4, which was
generated by GNU Autoconf 2.69.  Invocation command line was

  $ ./configure 

## --------- ##
## Platform. ##
## --------- ##

hostname = alexis-deb
uname -m = x86_64
uname -r = 3.16-2-amd64
uname -s = Linux
uname -v = #1 SMP Debian 3.16.3-2 (2014-09-20)

/usr/bin/uname -p = unknown
/bin/uname -X     = unknown

/bin/arch              = unknown
/usr/bin/arch -k       = unknown
/usr/convex/getsysinfo = unknown
/usr/bin/hostinfo      = unknown
/bin/machine           = unknown
/usr/bin/oslevel       = unknown
/bin/universe          = unknown

PATH: /usr/local/bin
PATH: /usr/bin
PATH: /bin
PATH: /usr/local/games
PATH: /usr/games


## ----------- ##
## Core tests. ##
## ----------- ##

configure:2334: checking build system type
configure:2348: result: x86_64-unknown-linux-gnu
configure:2368: checking host system type
configure:2381: result: x86_64-unknown-linux-gnu
configure:2401: checking target system type
configure:2414: result: x86_64-unknown-linux-gnu
configure:2458: checking for a BSD-compatible install
configure:2526: result: /usr/bin/install -c
configure:2537: checking whether build environment is sane
configure:2592: result: yes
configure:2743: checking for a thread-safe mkdir -p
configure:2782: result: /bin/mkdir -p
configure:2789: checking for gawk
configure:2805: found /usr/bin/gawk
configure:2816: result: gawk
configure:2827: checking whether make sets $(MAKE)
configure:2849: result: yes
configure:2878: checking whether make supports nested variables
configure:2895: result: yes
configure:3025: checking whether to enable maintainer-specific portions of Makefiles
configure:3034: result: no
configure:3060: checking for style of include used by make
configure:3088: result: GNU
configure:3159: checking for gcc
configure:3175: found /usr/bin/gcc
configure:3186: result: gcc
configure:3415: checking for C compiler version
configure:3424: gcc --version >&5
gcc (Debian 4.9.1-15) 4.9.1
Copyright (C) 2014 Free Software Foundation, Inc.
This is free software; see the source for copying conditions.  There is NO
warranty; not even for MERCHANTABILITY or FITNESS FOR A PARTICULAR PURPOSE.

configure:3435: $? = 0
configure:3424: gcc -v >&5
Using built-in specs.
COLLECT_GCC=gcc
COLLECT_LTO_WRAPPER=/usr/lib/gcc/x86_64-linux-gnu/4.9/lto-wrapper
Target: x86_64-linux-gnu
Configured with: ../src/configure -v --with-pkgversion='Debian 4.9.1-15' --with-bugurl=file:///usr/share/doc/gcc-4.9/README.Bugs --enable-languages=c,c++,java,go,d,fortran,objc,obj-c++ --prefix=/usr --program-suffix=-4.9 --enable-shared --enable-linker-build-id --libexecdir=/usr/lib --without-included-gettext --enable-threads=posix --with-gxx-include-dir=/usr/include/c++/4.9 --libdir=/usr/lib --enable-nls --with-sysroot=/ --enable-clocale=gnu --enable-libstdcxx-debug --enable-libstdcxx-time=yes --enable-gnu-unique-object --disable-vtable-verify --enable-plugin --with-system-zlib --disable-browser-plugin --enable-java-awt=gtk --enable-gtk-cairo --with-java-home=/usr/lib/jvm/java-1.5.0-gcj-4.9-amd64/jre --enable-java-home --with-jvm-root-dir=/usr/lib/jvm/java-1.5.0-gcj-4.9-amd64 --with-jvm-jar-dir=/usr/lib/jvm-exports/java-1.5.0-gcj-4.9-amd64 --with-arch-directory=amd64 --with-ecj-jar=/usr/share/java/eclipse-ecj.jar --enable-objc-gc --enable-multiarch --with-arch-32=i586 --with-abi=m64 --with-multilib-list=m32,m64,mx32 --enable-multilib --with-tune=generic --enable-checking=release --build=x86_64-linux-gnu --host=x86_64-linux-gnu --target=x86_64-linux-gnu
Thread model: posix
gcc version 4.9.1 (Debian 4.9.1-15) 
configure:3435: $? = 0
configure:3424: gcc -V >&5
gcc: error: unrecognized command line option '-V'
gcc: fatal error: no input files
compilation terminated.
configure:3435: $? = 4
configure:3424: gcc -qversion >&5
gcc: error: unrecognized command line option '-qversion'
gcc: fatal error: no input files
compilation terminated.
configure:3435: $? = 4
configure:3455: checking whether the C compiler works
configure:3477: gcc    conftest.c  >&5
configure:3481: $? = 0
configure:3529: result: yes
configure:3532: checking for C compiler default output file name
configure:3534: result: a.out
configure:3540: checking for suffix of executables
configure:3547: gcc -o conftest    conftest.c  >&5
configure:3551: $? = 0
configure:3573: result: 
configure:3595: checking whether we are cross compiling
configure:3603: gcc -o conftest    conftest.c  >&5
configure:3607: $? = 0
configure:3614: ./conftest
configure:3618: $? = 0
configure:3633: result: no
configure:3638: checking for suffix of object files
configure:3660: gcc -c   conftest.c >&5
configure:3664: $? = 0
configure:3685: result: o
configure:3689: checking whether we are using the GNU C compiler
configure:3708: gcc -c   conftest.c >&5
configure:3708: $? = 0
configure:3717: result: yes
configure:3726: checking whether gcc accepts -g
configure:3746: gcc -c -g  conftest.c >&5
configure:3746: $? = 0
configure:3787: result: yes
configure:3804: checking for gcc option to accept ISO C89
configure:3867: gcc  -c -g -O2  conftest.c >&5
configure:3867: $? = 0
configure:3880: result: none needed
configure:3905: checking whether gcc understands -c and -o together
configure:3927: gcc -c conftest.c -o conftest2.o
configure:3930: $? = 0
configure:3927: gcc -c conftest.c -o conftest2.o
configure:3930: $? = 0
configure:3942: result: yes
configure:3961: checking dependency style of gcc
configure:4072: result: gcc3
configure:4087: checking for gcc option to accept ISO C99
configure:4236: gcc  -c -g -O2  conftest.c >&5
conftest.c:61:29: error: expected ';', ',' or ')' before 'text'
 test_restrict (ccp restrict text)
                             ^
conftest.c: In function 'main':
conftest.c:115:18: error: expected '=', ',', ';', 'asm' or '__attribute__' before 'newvar'
   char *restrict newvar = "Another string";
                  ^
conftest.c:115:18: error: 'newvar' undeclared (first use in this function)
conftest.c:115:18: note: each undeclared identifier is reported only once for each function it appears in
conftest.c:125:3: error: 'for' loop initial declarations are only allowed in C99 or C11 mode
   for (int i = 0; i < ia->datasize; ++i)
   ^
conftest.c:125:3: note: use option -std=c99, -std=gnu99, -std=c11 or -std=gnu11 to compile your code
configure:4236: $? = 1
configure: failed program was:
| /* confdefs.h */
| #define PACKAGE_NAME "cpuminer"
| #define PACKAGE_TARNAME "cpuminer"
| #define PACKAGE_VERSION "1.0.4"
| #define PACKAGE_STRING "cpuminer 1.0.4"
| #define PACKAGE_BUGREPORT ""
| #define PACKAGE_URL ""
| #define PACKAGE "cpuminer"
| #define VERSION "1.0.4"
| /* end confdefs.h.  */
| #include <stdarg.h>
| #include <stdbool.h>
| #include <stdlib.h>
| #include <wchar.h>
| #include <stdio.h>
| 
| // Check varargs macros.  These examples are taken from C99 6.10.3.5.
| #define debug(...) fprintf (stderr, __VA_ARGS__)
| #define showlist(...) puts (#__VA_ARGS__)
| #define report(test,...) ((test) ? puts (#test) : printf (__VA_ARGS__))
| static void
| test_varargs_macros (void)
| {
|   int x = 1234;
|   int y = 5678;
|   debug ("Flag");
|   debug ("X = %d\n", x);
|   showlist (The first, second, and third items.);
|   report (x>y, "x is %d but y is %d", x, y);
| }
| 
| // Check long long types.
| #define BIG64 18446744073709551615ull
| #define BIG32 4294967295ul
| #define BIG_OK (BIG64 / BIG32 == 4294967297ull && BIG64 % BIG32 == 0)
| #if !BIG_OK
|   your preprocessor is broken;
| #endif
| #if BIG_OK
| #else
|   your preprocessor is broken;
| #endif
| static long long int bignum = -9223372036854775807LL;
| static unsigned long long int ubignum = BIG64;
| 
| struct incomplete_array
| {
|   int datasize;
|   double data[];
| };
| 
| struct named_init {
|   int number;
|   const wchar_t *name;
|   double average;
| };
| 
| typedef const char *ccp;
| 
| static inline int
| test_restrict (ccp restrict text)
| {
|   // See if C++-style comments work.
|   // Iterate through items via the restricted pointer.
|   // Also check for declarations in for loops.
|   for (unsigned int i = 0; *(text+i) != '\0'; ++i)
|     continue;
|   return 0;
| }
| 
| // Check varargs and va_copy.
| static void
| test_varargs (const char *format, ...)
| {
|   va_list args;
|   va_start (args, format);
|   va_list args_copy;
|   va_copy (args_copy, args);
| 
|   const char *str;
|   int number;
|   float fnumber;
| 
|   while (*format)
|     {
|       switch (*format++)
| 	{
| 	case 's': // string
| 	  str = va_arg (args_copy, const char *);
| 	  break;
| 	case 'd': // int
| 	  number = va_arg (args_copy, int);
| 	  break;
| 	case 'f': // float
| 	  fnumber = va_arg (args_copy, double);
| 	  break;
| 	default:
| 	  break;
| 	}
|     }
|   va_end (args_copy);
|   va_end (args);
| }
| 
| int
| main ()
| {
| 
|   // Check bool.
|   _Bool success = false;
| 
|   // Check restrict.
|   if (test_restrict ("String literal") == 0)
|     success = true;
|   char *restrict newvar = "Another string";
| 
|   // Check varargs.
|   test_varargs ("s, d' f .", "string", 65, 34.234);
|   test_varargs_macros ();
| 
|   // Check flexible array members.
|   struct incomplete_array *ia =
|     malloc (sizeof (struct incomplete_array) + (sizeof (double) * 10));
|   ia->datasize = 10;
|   for (int i = 0; i < ia->datasize; ++i)
|     ia->data[i] = i * 1.234;
| 
|   // Check named initializers.
|   struct named_init ni = {
|     .number = 34,
|     .name = L"Test wide string",
|     .average = 543.34343,
|   };
| 
|   ni.number = 58;
| 
|   int dynamic_array[ni.number];
|   dynamic_array[ni.number - 1] = 543;
| 
|   // work around unused variable warnings
|   return (!success || bignum == 0LL || ubignum == 0uLL || newvar[0] == 'x'
| 	  || dynamic_array[ni.number - 1] != 543);
| 
|   ;
|   return 0;
| }
configure:4236: gcc -std=gnu99 -c -g -O2  conftest.c >&5
configure:4236: $? = 0
configure:4256: result: -std=gnu99
configure:4270: checking how to run the C preprocessor
configure:4301: gcc -std=gnu99 -E  conftest.c
configure:4301: $? = 0
configure:4315: gcc -std=gnu99 -E  conftest.c
conftest.c:11:28: fatal error: ac_nonexistent.h: No such file or directory
 #include <ac_nonexistent.h>
                            ^
compilation terminated.
configure:4315: $? = 1
configure: failed program was:
| /* confdefs.h */
| #define PACKAGE_NAME "cpuminer"
| #define PACKAGE_TARNAME "cpuminer"
| #define PACKAGE_VERSION "1.0.4"
| #define PACKAGE_STRING "cpuminer 1.0.4"
| #define PACKAGE_BUGREPORT ""
| #define PACKAGE_URL ""
| #define PACKAGE "cpuminer"
| #define VERSION "1.0.4"
| /* end confdefs.h.  */
| #include <ac_nonexistent.h>
configure:4340: result: gcc -std=gnu99 -E
configure:4360: gcc -std=gnu99 -E  conftest.c
configure:4360: $? = 0
configure:4374: gcc -std=gnu99 -E  conftest.c
conftest.c:11:28: fatal error: ac_nonexistent.h: No such file or directory
 #include <ac_nonexistent.h>
                            ^
compilation terminated.
configure:4374: $? = 1
configure: failed program was:
| /* confdefs.h */
| #define PACKAGE_NAME "cpuminer"
| #define PACKAGE_TARNAME "cpuminer"
| #define PACKAGE_VERSION "1.0.4"
| #define PACKAGE_STRING "cpuminer 1.0.4"
| #define PACKAGE_BUGREPORT ""
| #define PACKAGE_URL ""
| #define PACKAGE "cpuminer"
| #define VERSION "1.0.4"
| /* end confdefs.h.  */
| #include <ac_nonexistent.h>
configure:4403: checking for grep that handles long lines and -e
configure:4461: result: /bin/grep
configure:4466: checking for egrep
configure:4528: result: /bin/grep -E
configure:4534: checking whether gcc -std=gnu99 needs -traditional
configure:4568: result: no
configure:4585: checking dependency style of gcc -std=gnu99
configure:4694: result: gcc3
configure:4752: checking for ranlib
configure:4768: found /usr/bin/ranlib
configure:4779: result: ranlib
configure:4802: checking for ANSI C header files
configure:4822: gcc -std=gnu99 -c -g -O2  conftest.c >&5
configure:4822: $? = 0
configure:4895: gcc -std=gnu99 -o conftest -g -O2   conftest.c  >&5
configure:4895: $? = 0
configure:4895: ./conftest
configure:4895: $? = 0
configure:4906: result: yes
configure:4919: checking for sys/types.h
configure:4919: gcc -std=gnu99 -c -g -O2  conftest.c >&5
configure:4919: $? = 0
configure:4919: result: yes
configure:4919: checking for sys/stat.h
configure:4919: gcc -std=gnu99 -c -g -O2  conftest.c >&5
configure:4919: $? = 0
configure:4919: result: yes
configure:4919: checking for stdlib.h
configure:4919: gcc -std=gnu99 -c -g -O2  conftest.c >&5
configure:4919: $? = 0
configure:4919: result: yes
configure:4919: checking for string.h
configure:4919: gcc -std=gnu99 -c -g -O2  conftest.c >&5
configure:4919: $? = 0
configure:4919: result: yes
configure:4919: checking for memory.h
configure:4919: gcc -std=gnu99 -c -g -O2  conftest.c >&5
configure:4919: $? = 0
configure:4919: result: yes
configure:4919: checking for strings.h
configure:4919: gcc -std=gnu99 -c -g -O2  conftest.c >&5
configure:4919: $? = 0
configure:4919: result: yes
configure:4919: checking for inttypes.h
configure:4919: gcc -std=gnu99 -c -g -O2  conftest.c >&5
configure:4919: $? = 0
configure:4919: result: yes
configure:4919: checking for stdint.h
configure:4919: gcc -std=gnu99 -c -g -O2  conftest.c >&5
configure:4919: $? = 0
configure:4919: result: yes
configure:4919: checking for unistd.h
configure:4919: gcc -std=gnu99 -c -g -O2  conftest.c >&5
configure:4919: $? = 0
configure:4919: result: yes
configure:4934: checking sys/endian.h usability
configure:4934: gcc -std=gnu99 -c -g -O2  conftest.c >&5
conftest.c:54:24: fatal error: sys/endian.h: No such file or directory
 #include <sys/endian.h>
                        ^
compilation terminated.
configure:4934: $? = 1
configure: failed program was:
| /* confdefs.h */
| #define PACKAGE_NAME "cpuminer"
| #define PACKAGE_TARNAME "cpuminer"
| #define PACKAGE_VERSION "1.0.4"
| #define PACKAGE_STRING "cpuminer 1.0.4"
| #define PACKAGE_BUGREPORT ""
| #define PACKAGE_URL ""
| #define PACKAGE "cpuminer"
| #define VERSION "1.0.4"
| #define STDC_HEADERS 1
| #define HAVE_SYS_TYPES_H 1
| #define HAVE_SYS_STAT_H 1
| #define HAVE_STDLIB_H 1
| #define HAVE_STRING_H 1
| #define HAVE_MEMORY_H 1
| #define HAVE_STRINGS_H 1
| #define HAVE_INTTYPES_H 1
| #define HAVE_STDINT_H 1
| #define HAVE_UNISTD_H 1
| /* end confdefs.h.  */
| #include <stdio.h>
| #ifdef HAVE_SYS_TYPES_H
| # include <sys/types.h>
| #endif
| #ifdef HAVE_SYS_STAT_H
| # include <sys/stat.h>
| #endif
| #ifdef STDC_HEADERS
| # include <stdlib.h>
| # include <stddef.h>
| #else
| # ifdef HAVE_STDLIB_H
| #  include <stdlib.h>
| # endif
| #endif
| #ifdef HAVE_STRING_H
| # if !defined STDC_HEADERS && defined HAVE_MEMORY_H
| #  include <memory.h>
| # endif
| # include <string.h>
| #endif
| #ifdef HAVE_STRINGS_H
| # include <strings.h>
| #endif
| #ifdef HAVE_INTTYPES_H
| # include <inttypes.h>
| #endif
| #ifdef HAVE_STDINT_H
| # include <stdint.h>
| #endif
| #ifdef HAVE_UNISTD_H
| # include <unistd.h>
| #endif
| #include <sys/endian.h>
configure:4934: result: no
configure:4934: checking sys/endian.h presence
configure:4934: gcc -std=gnu99 -E  conftest.c
conftest.c:21:24: fatal error: sys/endian.h: No such file or directory
 #include <sys/endian.h>
                        ^
compilation terminated.
configure:4934: $? = 1
configure: failed program was:
| /* confdefs.h */
| #define PACKAGE_NAME "cpuminer"
| #define PACKAGE_TARNAME "cpuminer"
| #define PACKAGE_VERSION "1.0.4"
| #define PACKAGE_STRING "cpuminer 1.0.4"
| #define PACKAGE_BUGREPORT ""
| #define PACKAGE_URL ""
| #define PACKAGE "cpuminer"
| #define VERSION "1.0.4"
| #define STDC_HEADERS 1
| #define HAVE_SYS_TYPES_H 1
| #define HAVE_SYS_STAT_H 1
| #define HAVE_STDLIB_H 1
| #define HAVE_STRING_H 1
| #define HAVE_MEMORY_H 1
| #define HAVE_STRINGS_H 1
| #define HAVE_INTTYPES_H 1
| #define HAVE_STDINT_H 1
| #define HAVE_UNISTD_H 1
| /* end confdefs.h.  */
| #include <sys/endian.h>
configure:4934: result: no
configure:4934: checking for sys/endian.h
configure:4934: result: no
configure:4934: checking sys/param.h usability
configure:4934: gcc -std=gnu99 -c -g -O2  conftest.c >&5
configure:4934: $? = 0
configure:4934: result: yes
configure:4934: checking sys/param.h presence
configure:4934: gcc -std=gnu99 -E  conftest.c
configure:4934: $? = 0
configure:4934: result: yes
configure:4934: checking for sys/param.h
configure:4934: result: yes
configure:4934: checking syslog.h usability
configure:4934: gcc -std=gnu99 -c -g -O2  conftest.c >&5
configure:4934: $? = 0
configure:4934: result: yes
configure:4934: checking syslog.h presence
configure:4934: gcc -std=gnu99 -E  conftest.c
configure:4934: $? = 0
configure:4934: result: yes
configure:4934: checking for syslog.h
configure:4934: result: yes
configure:4948: checking for sys/sysctl.h
configure:4948: gcc -std=gnu99 -c -g -O2  conftest.c >&5
configure:4948: $? = 0
configure:4948: result: yes
configure:4964: checking whether be32dec is declared
configure:4964: gcc -std=gnu99 -c -g -O2  conftest.c >&5
conftest.c: In function 'main':
conftest.c:69:10: error: 'be32dec' undeclared (first use in this function)
   (void) be32dec;
          ^
conftest.c:69:10: note: each undeclared identifier is reported only once for each function it appears in
configure:4964: $? = 1
configure: failed program was:
| /* confdefs.h */
| #define PACKAGE_NAME "cpuminer"
| #define PACKAGE_TARNAME "cpuminer"
| #define PACKAGE_VERSION "1.0.4"
| #define PACKAGE_STRING "cpuminer 1.0.4"
| #define PACKAGE_BUGREPORT ""
| #define PACKAGE_URL ""
| #define PACKAGE "cpuminer"
| #define VERSION "1.0.4"
| #define STDC_HEADERS 1
| #define HAVE_SYS_TYPES_H 1
| #define HAVE_SYS_STAT_H 1
| #define HAVE_STDLIB_H 1
| #define HAVE_STRING_H 1
| #define HAVE_MEMORY_H 1
| #define HAVE_STRINGS_H 1
| #define HAVE_INTTYPES_H 1
| #define HAVE_STDINT_H 1
| #define HAVE_UNISTD_H 1
| #define HAVE_SYS_PARAM_H 1
| #define HAVE_SYSLOG_H 1
| #define HAVE_SYS_SYSCTL_H 1
| /* end confdefs.h.  */
| #include <stdio.h>
| #ifdef HAVE_SYS_TYPES_H
| # include <sys/types.h>
| #endif
| #ifdef HAVE_SYS_STAT_H
| # include <sys/stat.h>
| #endif
| #ifdef STDC_HEADERS
| # include <stdlib.h>
| # include <stddef.h>
| #else
| # ifdef HAVE_STDLIB_H
| #  include <stdlib.h>
| # endif
| #endif
| #ifdef HAVE_STRING_H
| # if !defined STDC_HEADERS && defined HAVE_MEMORY_H
| #  include <memory.h>
| # endif
| # include <string.h>
| #endif
| #ifdef HAVE_STRINGS_H
| # include <strings.h>
| #endif
| #ifdef HAVE_INTTYPES_H
| # include <inttypes.h>
| #endif
| #ifdef HAVE_STDINT_H
| # include <stdint.h>
| #endif
| #ifdef HAVE_UNISTD_H
| # include <unistd.h>
| #endif
| #ifdef HAVE_SYS_ENDIAN_H
| #include <sys/endian.h>
| #endif
| 
| 
| int
| main ()
| {
| #ifndef be32dec
| #ifdef __cplusplus
|   (void) be32dec;
| #else
|   (void) be32dec;
| #endif
| #endif
| 
|   ;
|   return 0;
| }
configure:4964: result: no
configure:4979: checking whether le32dec is declared
configure:4979: gcc -std=gnu99 -c -g -O2  conftest.c >&5
conftest.c: In function 'main':
conftest.c:70:10: error: 'le32dec' undeclared (first use in this function)
   (void) le32dec;
          ^
conftest.c:70:10: note: each undeclared identifier is reported only once for each function it appears in
configure:4979: $? = 1
configure: failed program was:
| /* confdefs.h */
| #define PACKAGE_NAME "cpuminer"
| #define PACKAGE_TARNAME "cpuminer"
| #define PACKAGE_VERSION "1.0.4"
| #define PACKAGE_STRING "cpuminer 1.0.4"
| #define PACKAGE_BUGREPORT ""
| #define PACKAGE_URL ""
| #define PACKAGE "cpuminer"
| #define VERSION "1.0.4"
| #define STDC_HEADERS 1
| #define HAVE_SYS_TYPES_H 1
| #define HAVE_SYS_STAT_H 1
| #define HAVE_STDLIB_H 1
| #define HAVE_STRING_H 1
| #define HAVE_MEMORY_H 1
| #define HAVE_STRINGS_H 1
| #define HAVE_INTTYPES_H 1
| #define HAVE_STDINT_H 1
| #define HAVE_UNISTD_H 1
| #define HAVE_SYS_PARAM_H 1
| #define HAVE_SYSLOG_H 1
| #define HAVE_SYS_SYSCTL_H 1
| #define HAVE_DECL_BE32DEC 0
| /* end confdefs.h.  */
| #include <stdio.h>
| #ifdef HAVE_SYS_TYPES_H
| # include <sys/types.h>
| #endif
| #ifdef HAVE_SYS_STAT_H
| # include <sys/stat.h>
| #endif
| #ifdef STDC_HEADERS
| # include <stdlib.h>
| # include <stddef.h>
| #else
| # ifdef HAVE_STDLIB_H
| #  include <stdlib.h>
| # endif
| #endif
| #ifdef HAVE_STRING_H
| # if !defined STDC_HEADERS && defined HAVE_MEMORY_H
| #  include <memory.h>
| # endif
| # include <string.h>
| #endif
| #ifdef HAVE_STRINGS_H
| # include <strings.h>
| #endif
| #ifdef HAVE_INTTYPES_H
| # include <inttypes.h>
| #endif
| #ifdef HAVE_STDINT_H
| # include <stdint.h>
| #endif
| #ifdef HAVE_UNISTD_H
| # include <unistd.h>
| #endif
| #ifdef HAVE_SYS_ENDIAN_H
| #include <sys/endian.h>
| #endif
| 
| 
| int
| main ()
| {
| #ifndef le32dec
| #ifdef __cplusplus
|   (void) le32dec;
| #else
|   (void) le32dec;
| #endif
| #endif
| 
|   ;
|   return 0;
| }
configure:4979: result: no
configure:4994: checking whether be32enc is declared
configure:4994: gcc -std=gnu99 -c -g -O2  conftest.c >&5
conftest.c: In function 'main':
conftest.c:71:10: error: 'be32enc' undeclared (first use in this function)
   (void) be32enc;
          ^
conftest.c:71:10: note: each undeclared identifier is reported only once for each function it appears in
configure:4994: $? = 1
configure: failed program was:
| /* confdefs.h */
| #define PACKAGE_NAME "cpuminer"
| #define PACKAGE_TARNAME "cpuminer"
| #define PACKAGE_VERSION "1.0.4"
| #define PACKAGE_STRING "cpuminer 1.0.4"
| #define PACKAGE_BUGREPORT ""
| #define PACKAGE_URL ""
| #define PACKAGE "cpuminer"
| #define VERSION "1.0.4"
| #define STDC_HEADERS 1
| #define HAVE_SYS_TYPES_H 1
| #define HAVE_SYS_STAT_H 1
| #define HAVE_STDLIB_H 1
| #define HAVE_STRING_H 1
| #define HAVE_MEMORY_H 1
| #define HAVE_STRINGS_H 1
| #define HAVE_INTTYPES_H 1
| #define HAVE_STDINT_H 1
| #define HAVE_UNISTD_H 1
| #define HAVE_SYS_PARAM_H 1
| #define HAVE_SYSLOG_H 1
| #define HAVE_SYS_SYSCTL_H 1
| #define HAVE_DECL_BE32DEC 0
| #define HAVE_DECL_LE32DEC 0
| /* end confdefs.h.  */
| #include <stdio.h>
| #ifdef HAVE_SYS_TYPES_H
| # include <sys/types.h>
| #endif
| #ifdef HAVE_SYS_STAT_H
| # include <sys/stat.h>
| #endif
| #ifdef STDC_HEADERS
| # include <stdlib.h>
| # include <stddef.h>
| #else
| # ifdef HAVE_STDLIB_H
| #  include <stdlib.h>
| # endif
| #endif
| #ifdef HAVE_STRING_H
| # if !defined STDC_HEADERS && defined HAVE_MEMORY_H
| #  include <memory.h>
| # endif
| # include <string.h>
| #endif
| #ifdef HAVE_STRINGS_H
| # include <strings.h>
| #endif
| #ifdef HAVE_INTTYPES_H
| # include <inttypes.h>
| #endif
| #ifdef HAVE_STDINT_H
| # include <stdint.h>
| #endif
| #ifdef HAVE_UNISTD_H
| # include <unistd.h>
| #endif
| #ifdef HAVE_SYS_ENDIAN_H
| #include <sys/endian.h>
| #endif
| 
| 
| int
| main ()
| {
| #ifndef be32enc
| #ifdef __cplusplus
|   (void) be32enc;
| #else
|   (void) be32enc;
| #endif
| #endif
| 
|   ;
|   return 0;
| }
configure:4994: result: no
configure:5009: checking whether le32enc is declared
configure:5009: gcc -std=gnu99 -c -g -O2  conftest.c >&5
conftest.c: In function 'main':
conftest.c:72:10: error: 'le32enc' undeclared (first use in this function)
   (void) le32enc;
          ^
conftest.c:72:10: note: each undeclared identifier is reported only once for each function it appears in
configure:5009: $? = 1
configure: failed program was:
| /* confdefs.h */
| #define PACKAGE_NAME "cpuminer"
| #define PACKAGE_TARNAME "cpuminer"
| #define PACKAGE_VERSION "1.0.4"
| #define PACKAGE_STRING "cpuminer 1.0.4"
| #define PACKAGE_BUGREPORT ""
| #define PACKAGE_URL ""
| #define PACKAGE "cpuminer"
| #define VERSION "1.0.4"
| #define STDC_HEADERS 1
| #define HAVE_SYS_TYPES_H 1
| #define HAVE_SYS_STAT_H 1
| #define HAVE_STDLIB_H 1
| #define HAVE_STRING_H 1
| #define HAVE_MEMORY_H 1
| #define HAVE_STRINGS_H 1
| #define HAVE_INTTYPES_H 1
| #define HAVE_STDINT_H 1
| #define HAVE_UNISTD_H 1
| #define HAVE_SYS_PARAM_H 1
| #define HAVE_SYSLOG_H 1
| #define HAVE_SYS_SYSCTL_H 1
| #define HAVE_DECL_BE32DEC 0
| #define HAVE_DECL_LE32DEC 0
| #define HAVE_DECL_BE32ENC 0
| /* end confdefs.h.  */
| #include <stdio.h>
| #ifdef HAVE_SYS_TYPES_H
| # include <sys/types.h>
| #endif
| #ifdef HAVE_SYS_STAT_H
| # include <sys/stat.h>
| #endif
| #ifdef STDC_HEADERS
| # include <stdlib.h>
| # include <stddef.h>
| #else
| # ifdef HAVE_STDLIB_H
| #  include <stdlib.h>
| # endif
| #endif
| #ifdef HAVE_STRING_H
| # if !defined STDC_HEADERS && defined HAVE_MEMORY_H
| #  include <memory.h>
| # endif
| # include <string.h>
| #endif
| #ifdef HAVE_STRINGS_H
| # include <strings.h>
| #endif
| #ifdef HAVE_INTTYPES_H
| # include <inttypes.h>
| #endif
| #ifdef HAVE_STDINT_H
| # include <stdint.h>
| #endif
| #ifdef HAVE_UNISTD_H
| # include <unistd.h>
| #endif
| #ifdef HAVE_SYS_ENDIAN_H
| #include <sys/endian.h>
| #endif
| 
| 
| int
| main ()
| {
| #ifndef le32enc
| #ifdef __cplusplus
|   (void) le32enc;
| #else
|   (void) le32enc;
| #endif
| #endif
| 
|   ;
|   return 0;
| }
configure:5009: result: no
configure:5026: checking for size_t
configure:5026: gcc -std=gnu99 -c -g -O2  conftest.c >&5
configure:5026: $? = 0
configure:5026: gcc -std=gnu99 -c -g -O2  conftest.c >&5
conftest.c: In function 'main':
conftest.c:64:21: error: expected expression before ')' token
 if (sizeof ((size_t)))
                     ^
configure:5026: $? = 1
configure: failed program was:
| /* confdefs.h */
| #define PACKAGE_NAME "cpuminer"
| #define PACKAGE_TARNAME "cpuminer"
| #define PACKAGE_VERSION "1.0.4"
| #define PACKAGE_STRING "cpuminer 1.0.4"
| #define PACKAGE_BUGREPORT ""
| #define PACKAGE_URL ""
| #define PACKAGE "cpuminer"
| #define VERSION "1.0.4"
| #define STDC_HEADERS 1
| #define HAVE_SYS_TYPES_H 1
| #define HAVE_SYS_STAT_H 1
| #define HAVE_STDLIB_H 1
| #define HAVE_STRING_H 1
| #define HAVE_MEMORY_H 1
| #define HAVE_STRINGS_H 1
| #define HAVE_INTTYPES_H 1
| #define HAVE_STDINT_H 1
| #define HAVE_UNISTD_H 1
| #define HAVE_SYS_PARAM_H 1
| #define HAVE_SYSLOG_H 1
| #define HAVE_SYS_SYSCTL_H 1
| #define HAVE_DECL_BE32DEC 0
| #define HAVE_DECL_LE32DEC 0
| #define HAVE_DECL_BE32ENC 0
| #define HAVE_DECL_LE32ENC 0
| /* end confdefs.h.  */
| #include <stdio.h>
| #ifdef HAVE_SYS_TYPES_H
| # include <sys/types.h>
| #endif
| #ifdef HAVE_SYS_STAT_H
| # include <sys/stat.h>
| #endif
| #ifdef STDC_HEADERS
| # include <stdlib.h>
| # include <stddef.h>
| #else
| # ifdef HAVE_STDLIB_H
| #  include <stdlib.h>
| # endif
| #endif
| #ifdef HAVE_STRING_H
| # if !defined STDC_HEADERS && defined HAVE_MEMORY_H
| #  include <memory.h>
| # endif
| # include <string.h>
| #endif
| #ifdef HAVE_STRINGS_H
| # include <strings.h>
| #endif
| #ifdef HAVE_INTTYPES_H
| # include <inttypes.h>
| #endif
| #ifdef HAVE_STDINT_H
| # include <stdint.h>
| #endif
| #ifdef HAVE_UNISTD_H
| # include <unistd.h>
| #endif
| int
| main ()
| {
| if (sizeof ((size_t)))
| 	    return 0;
|   ;
|   return 0;
| }
configure:5026: result: yes
configure:5039: checking for working alloca.h
configure:5056: gcc -std=gnu99 -o conftest -g -O2   conftest.c  >&5
configure:5056: $? = 0
configure:5064: result: yes
configure:5072: checking for alloca
configure:5109: gcc -std=gnu99 -o conftest -g -O2   conftest.c  >&5
configure:5109: $? = 0
configure:5117: result: yes
configure:5225: checking for getopt_long
configure:5225: gcc -std=gnu99 -o conftest -g -O2   conftest.c  >&5
configure:5225: $? = 0
configure:5225: result: yes
configure:5271: checking whether we can compile AVX code
configure:5284: gcc -std=gnu99 -c -g -O2  conftest.c >&5
configure:5284: $? = 0
configure:5288: result: yes
configure:5290: checking whether we can compile XOP code
configure:5303: gcc -std=gnu99 -c -g -O2  conftest.c >&5
configure:5303: $? = 0
configure:5307: result: yes
configure:5318: checking whether we can compile AVX2 code
configure:5331: gcc -std=gnu99 -c -g -O2  conftest.c >&5
configure:5331: $? = 0
configure:5335: result: yes
configure:5357: checking for json_loads in -ljansson
configure:5382: gcc -std=gnu99 -o conftest -g -O2   conftest.c -ljansson   >&5
/usr/bin/ld: cannot find -ljansson
collect2: error: ld returned 1 exit status
configure:5382: $? = 1
configure: failed program was:
| /* confdefs.h */
| #define PACKAGE_NAME "cpuminer"
| #define PACKAGE_TARNAME "cpuminer"
| #define PACKAGE_VERSION "1.0.4"
| #define PACKAGE_STRING "cpuminer 1.0.4"
| #define PACKAGE_BUGREPORT ""
| #define PACKAGE_URL ""
| #define PACKAGE "cpuminer"
| #define VERSION "1.0.4"
| #define STDC_HEADERS 1
| #define HAVE_SYS_TYPES_H 1
| #define HAVE_SYS_STAT_H 1
| #define HAVE_STDLIB_H 1
| #define HAVE_STRING_H 1
| #define HAVE_MEMORY_H 1
| #define HAVE_STRINGS_H 1
| #define HAVE_INTTYPES_H 1
| #define HAVE_STDINT_H 1
| #define HAVE_UNISTD_H 1
| #define HAVE_SYS_PARAM_H 1
| #define HAVE_SYSLOG_H 1
| #define HAVE_SYS_SYSCTL_H 1
| #define HAVE_DECL_BE32DEC 0
| #define HAVE_DECL_LE32DEC 0
| #define HAVE_DECL_BE32ENC 0
| #define HAVE_DECL_LE32ENC 0
| #define HAVE_ALLOCA_H 1
| #define HAVE_ALLOCA 1
| #define HAVE_GETOPT_LONG 1
| #define USE_ASM 1
| #define USE_AVX 1
| #define USE_XOP 1
| #define USE_AVX2 1
| /* end confdefs.h.  */
| 
| /* Override any GCC internal prototype to avoid an error.
|    Use char because int might match the return type of a GCC
|    builtin and then its argument prototype would still apply.  */
| #ifdef __cplusplus
| extern "C"
| #endif
| char json_loads ();
| int
| main ()
| {
| return json_loads ();
|   ;
|   return 0;
| }
configure:5391: result: no
configure:5399: checking for pthread_create in -lpthread
configure:5424: gcc -std=gnu99 -o conftest -g -O2   conftest.c -lpthread   >&5
configure:5424: $? = 0
configure:5433: result: yes
configure:5564: checking for OPENSSL_init in -lcrypto
configure:5589: gcc -std=gnu99 -o conftest -g -O2   conftest.c -lcrypto   >&5
configure:5589: $? = 0
configure:5598: result: yes
configure:5615: checking whether __uint128_t is supported
configure:5628: gcc -std=gnu99 -c -g -O2  conftest.c >&5
configure:5628: $? = 0
configure:5632: result: yes
configure:5737: checking for gawk
configure:5764: result: gawk
configure:5826: checking for curl-config
configure:5844: found /usr/bin/curl-config
configure:5856: result: /usr/bin/curl-config
configure:5867: checking for the version of libcurl
configure:5874: result: 7.38.0
configure:5881: checking for libcurl >= version 7.15.2
configure:5894: result: yes
configure:5935: checking whether libcurl is usable
configure:5969: gcc -std=gnu99 -o conftest -g -O2    conftest.c -L/usr/lib/x86_64-linux-gnu -lcurl -lcrypto  >&5
configure:5969: $? = 0
configure:5983: result: yes
configure:5996: checking for curl_free
configure:5996: gcc -std=gnu99 -o conftest -g -O2    conftest.c -lcrypto  -L/usr/lib/x86_64-linux-gnu -lcurl >&5
configure:5996: $? = 0
configure:5996: result: yes
configure:6199: checking that generated files are newer than configure
configure:6205: result: done
configure:6260: creating ./config.status

## ---------------------- ##
## Running config.status. ##
## ---------------------- ##

This file was extended by cpuminer config.status 1.0.4, which was
generated by GNU Autoconf 2.69.  Invocation command line was

  CONFIG_FILES    = 
  CONFIG_HEADERS  = 
  CONFIG_LINKS    = 
  CONFIG_COMMANDS = 
  $ ./config.status 

on alexis-deb

config.status:943: creating Makefile
config.status:943: creating compat/Makefile
config.status:943: creating compat/jansson/Makefile
config.status:943: creating cpuminer-config.h
config.status:1172: executing depfiles commands

## ---------------- ##
## Cache variables. ##
## ---------------- ##

ac_cv_build=x86_64-unknown-linux-gnu
ac_cv_c_compiler_gnu=yes
ac_cv_env_CCASFLAGS_set=
ac_cv_env_CCASFLAGS_value=
ac_cv_env_CCAS_set=
ac_cv_env_CCAS_value=
ac_cv_env_CC_set=
ac_cv_env_CC_value=
ac_cv_env_CFLAGS_set=
ac_cv_env_CFLAGS_value=
ac_cv_env_CPPFLAGS_set=
ac_cv_env_CPPFLAGS_value=
ac_cv_env_CPP_set=
ac_cv_env_CPP_value=
ac_cv_env_LDFLAGS_set=
ac_cv_env_LDFLAGS_value=
ac_cv_env_LIBS_set=
ac_cv_env_LIBS_value=
ac_cv_env_build_alias_set=
ac_cv_env_build_alias_value=
ac_cv_env_host_alias_set=
ac_cv_env_host_alias_value=
ac_cv_env_target_alias_set=
ac_cv_env_target_alias_value=
ac_cv_func_alloca_works=yes
ac_cv_func_curl_free=yes
ac_cv_func_getopt_long=yes
ac_cv_have_decl_be32dec=no
ac_cv_have_decl_be32enc=no
ac_cv_have_decl_le32dec=no
ac_cv_have_decl_le32enc=no
ac_cv_header_inttypes_h=yes
ac_cv_header_memory_h=yes
ac_cv_header_stdc=yes
ac_cv_header_stdint_h=yes
ac_cv_header_stdlib_h=yes
ac_cv_header_string_h=yes
ac_cv_header_strings_h=yes
ac_cv_header_sys_endian_h=no
ac_cv_header_sys_param_h=yes
ac_cv_header_sys_stat_h=yes
ac_cv_header_sys_sysctl_h=yes
ac_cv_header_sys_types_h=yes
ac_cv_header_syslog_h=yes
ac_cv_header_unistd_h=yes
ac_cv_host=x86_64-unknown-linux-gnu
ac_cv_lib_crypto_OPENSSL_init=yes
ac_cv_lib_jansson_json_loads=no
ac_cv_lib_pthread_pthread_create=yes
ac_cv_objext=o
ac_cv_path_EGREP='/bin/grep -E'
ac_cv_path_GREP=/bin/grep
ac_cv_path__libcurl_config=/usr/bin/curl-config
ac_cv_path_install='/usr/bin/install -c'
ac_cv_path_mkdir=/bin/mkdir
ac_cv_prog_AWK=gawk
ac_cv_prog_CPP='gcc -std=gnu99 -E'
ac_cv_prog_ac_ct_CC=gcc
ac_cv_prog_ac_ct_RANLIB=ranlib
ac_cv_prog_cc_c89=
ac_cv_prog_cc_c99=-std=gnu99
ac_cv_prog_cc_g=yes
ac_cv_prog_gcc_traditional=no
ac_cv_prog_make_make_set=yes
ac_cv_target=x86_64-unknown-linux-gnu
ac_cv_type_size_t=yes
ac_cv_working_alloca_h=yes
am_cv_CCAS_dependencies_compiler_type=gcc3
am_cv_CC_dependencies_compiler_type=gcc3
am_cv_make_support_nested_variables=yes
am_cv_prog_cc_c_o=yes
libcurl_cv_lib_curl_usable=yes
libcurl_cv_lib_curl_version=7.38.0
libcurl_cv_lib_version_ok=yes

## ----------------- ##
## Output variables. ##
## ----------------- ##

ACLOCAL='${SHELL} /home/alexis/dev/ppcmi/missing aclocal-1.14'
ALLOCA=''
AMDEPBACKSLASH='\'
AMDEP_FALSE='#'
AMDEP_TRUE=''
AMTAR='$${TAR-tar}'
AM_BACKSLASH='\'
AM_DEFAULT_V='$(AM_DEFAULT_VERBOSITY)'
AM_DEFAULT_VERBOSITY='1'
AM_V='$(V)'
ARCH_ARM_FALSE=''
ARCH_ARM_TRUE='#'
ARCH_x86_64_FALSE='#'
ARCH_x86_64_TRUE=''
ARCH_x86_FALSE=''
ARCH_x86_TRUE='#'
AUTOCONF='${SHELL} /home/alexis/dev/ppcmi/missing autoconf'
AUTOHEADER='${SHELL} /home/alexis/dev/ppcmi/missing autoheader'
AUTOMAKE='${SHELL} /home/alexis/dev/ppcmi/missing automake-1.14'
AWK='gawk'
CC='gcc -std=gnu99'
CCAS='gcc -std=gnu99'
CCASDEPMODE='depmode=gcc3'
CCASFLAGS='-g -O2'
CCDEPMODE='depmode=gcc3'
CFLAGS='-g -O2'
CPP='gcc -std=gnu99 -E'
CPPFLAGS=''
CYGPATH_W='echo'
DEFS='-DHAVE_CONFIG_H'
DEPDIR='.deps'
ECHO_C=''
ECHO_N='-n'
ECHO_T=''
EGREP='/bin/grep -E'
EXEEXT=''
GREP='/bin/grep'
HAVE_WINDOWS_FALSE=''
HAVE_WINDOWS_TRUE='#'
INSTALL_DATA='${INSTALL} -m 644'
INSTALL_PROGRAM='${INSTALL}'
INSTALL_SCRIPT='${INSTALL}'
INSTALL_STRIP_PROGRAM='$(install_sh) -c -s'
JANSSON_LIBS='compat/jansson/libjansson.a'
LDFLAGS=''
LIBCURL='-L/usr/lib/x86_64-linux-gnu -lcurl'
LIBCURL_CPPFLAGS=''
LIBOBJS=''
LIBS='-lcrypto '
LTLIBOBJS=''
MAINT='#'
MAINTAINER_MODE_FALSE=''
MAINTAINER_MODE_TRUE='#'
MAKEINFO='${SHELL} /home/alexis/dev/ppcmi/missing makeinfo'
MKDIR_P='/bin/mkdir -p'
OBJEXT='o'
PACKAGE='cpuminer'
PACKAGE_BUGREPORT=''
PACKAGE_NAME='cpuminer'
PACKAGE_STRING='cpuminer 1.0.4'
PACKAGE_TARNAME='cpuminer'
PACKAGE_URL=''
PACKAGE_VERSION='1.0.4'
PATH_SEPARATOR=':'
PTHREAD_FLAGS='-pthread'
PTHREAD_LIBS='-lpthread'
RANLIB='ranlib'
SET_MAKE=''
SHELL='/bin/bash'
STRIP=''
USE_ASM_FALSE='#'
USE_ASM_TRUE=''
VERSION='1.0.4'
WANT_JANSSON_FALSE='#'
WANT_JANSSON_TRUE=''
WS2_LIBS=''
_libcurl_config=''
ac_ct_CC='gcc'
am__EXEEXT_FALSE=''
am__EXEEXT_TRUE='#'
am__fastdepCCAS_FALSE='#'
am__fastdepCCAS_TRUE=''
am__fastdepCC_FALSE='#'
am__fastdepCC_TRUE=''
am__include='include'
am__isrc=''
am__leading_dot='.'
am__nodep='_no'
am__quote=''
am__tar='$${TAR-tar} chof - "$$tardir"'
am__untar='$${TAR-tar} xf -'
bindir='${exec_prefix}/bin'
build='x86_64-unknown-linux-gnu'
build_alias=''
build_cpu='x86_64'
build_os='linux-gnu'
build_vendor='unknown'
datadir='${datarootdir}'
datarootdir='${prefix}/share'
docdir='${datarootdir}/doc/${PACKAGE_TARNAME}'
dvidir='${docdir}'
exec_prefix='${prefix}'
host='x86_64-unknown-linux-gnu'
host_alias=''
host_cpu='x86_64'
host_os='linux-gnu'
host_vendor='unknown'
htmldir='${docdir}'
includedir='${prefix}/include'
infodir='${datarootdir}/info'
install_sh='${SHELL} /home/alexis/dev/ppcmi/install-sh'
libdir='${exec_prefix}/lib'
libexecdir='${exec_prefix}/libexec'
localedir='${datarootdir}/locale'
localstatedir='${prefix}/var'
mandir='${datarootdir}/man'
mkdir_p='$(MKDIR_P)'
oldincludedir='/usr/include'
pdfdir='${docdir}'
prefix='/usr/local'
program_transform_name='s,x,x,'
psdir='${docdir}'
sbindir='${exec_prefix}/sbin'
sharedstatedir='${prefix}/com'
sysconfdir='${prefix}/etc'
target='x86_64-unknown-linux-gnu'
target_alias=''
target_cpu='x86_64'
target_os='linux-gnu'
target_vendor='unknown'

## ----------- ##
## confdefs.h. ##
## ----------- ##

/* confdefs.h */
#define PACKAGE_NAME "cpuminer"
#define PACKAGE_TARNAME "cpuminer"
#define PACKAGE_VERSION "1.0.4"
#define PACKAGE_STRING "cpuminer 1.0.4"
#define PACKAGE_BUGREPORT ""
#define PACKAGE_URL ""
#define PACKAGE "cpuminer"
#define VERSION "1.0.4"
#define STDC_HEADERS 1
#define HAVE_SYS_TYPES_H 1
#define HAVE_SYS_STAT_H 1
#define HAVE_STDLIB_H 1
#define HAVE_STRING_H 1
#define HAVE_MEMORY_H 1
#define HAVE_STRINGS_H 1
#define HAVE_INTTYPES_H 1
#define HAVE_STDINT_H 1
#define HAVE_UNISTD_H 1
#define HAVE_SYS_PARAM_H 1
#define HAVE_SYSLOG_H 1
#define HAVE_SYS_SYSCTL_H 1
#define HAVE_DECL_BE32DEC 0
#define HAVE_DECL_LE32DEC 0
#define HAVE_DECL_BE32ENC 0
#define HAVE_DECL_LE32ENC 0
#define HAVE_ALLOCA_H 1
#define HAVE_ALLOCA 1
#define HAVE_GETOPT_LONG 1
#define USE_ASM 1
#define USE_AVX 1
#define USE_XOP 1
#define USE_AVX2 1
#define HAVE_LIBCRYPTO 1
#define USE_INT128 1
#define HAVE_LIBCURL 1
#define LIBCURL_FEATURE_SSL 1
#define LIBCURL_FEATURE_IPV6 1
#define LIBCURL_FEATURE_LIBZ 1
#define LIBCURL_FEATURE_ASYNCHDNS 1
#define LIBCURL_FEATURE_IDN 1
#define LIBCURL_FEATURE_GSS_API 1
#define LIBCURL_FEATURE_SPNEGO 1
#define LIBCURL_FEATURE_NTLM 1
#define LIBCURL_FEATURE_NTLM_WB 1
#define LIBCURL_FEATURE_TLS_SRP 1
#define LIBCURL_PROTOCOL_DICT 1
#define LIBCURL_PROTOCOL_FILE 1
#define LIBCURL_PROTOCOL_FTP 1
#define LIBCURL_PROTOCOL_FTPS 1
#define LIBCURL_PROTOCOL_GOPHER 1
#define LIBCURL_PROTOCOL_HTTP 1
#define LIBCURL_PROTOCOL_HTTPS 1
#define LIBCURL_PROTOCOL_IMAP 1
#define LIBCURL_PROTOCOL_IMAPS 1
#define LIBCURL_PROTOCOL_LDAP 1
#define LIBCURL_PROTOCOL_LDAPS 1
#define LIBCURL_PROTOCOL_POP3 1
#define LIBCURL_PROTOCOL_POP3S 1
#define LIBCURL_PROTOCOL_RTMP 1
#define LIBCURL_PROTOCOL_RTSP 1
#define LIBCURL_PROTOCOL_SCP 1
#define LIBCURL_PROTOCOL_SFTP 1
#define LIBCURL_PROTOCOL_SMTP 1
#define LIBCURL_PROTOCOL_SMTPS 1
#define LIBCURL_PROTOCOL_TELNET 1
#define LIBCURL_PROTOCOL_TFTP 1

configure: exit 0
